<?xml version="1.0" encoding="UTF-8"?>
<!-- Generated by org.testng.reporters.JUnitReportReporter -->
<testsuite skipped="0" hostname="LGDN14993-W10" name="Testcases.RailWay.railways.TC07_CreateAccount" tests="2" failures="0" timestamp="03 Feb 2021 03:52:29 GMT" time="7.827" errors="0">
  <testcase name="TC07" time="3.494" classname="Testcases.RailWay.railways.TC07_CreateAccount"/>
  <testcase name="TC07" time="4.333" classname="Testcases.RailWay.railways.TC07_CreateAccount"/>
</testsuite> <!-- Testcases.RailWay.railways.TC07_CreateAccount -->
