<?xml version="1.0" encoding="UTF-8"?>
<!-- Generated by org.testng.reporters.JUnitReportReporter -->
<testsuite skipped="0" hostname="LGDN14993-W10" name="Testcases.RailWay.railways.TC06_HomeLogged" tests="2" failures="0" timestamp="03 Feb 2021 03:52:29 GMT" time="9.379" errors="0">
  <testcase name="TC06" time="4.809" classname="Testcases.RailWay.railways.TC06_HomeLogged"/>
  <testcase name="TC06" time="4.570" classname="Testcases.RailWay.railways.TC06_HomeLogged"/>
</testsuite> <!-- Testcases.RailWay.railways.TC06_HomeLogged -->
