<?xml version="1.0" encoding="UTF-8"?>
<!-- Generated by org.testng.reporters.JUnitReportReporter -->
<testsuite skipped="0" hostname="LGDN14993-W10" name="Testcases.RailWay.railways.TC10_RegisterWithInvalidAccount" tests="2" failures="0" timestamp="02 Feb 2021 07:56:17 GMT" time="6.913" errors="0">
  <testcase name="TC10" time="3.134" classname="Testcases.RailWay.railways.TC10_RegisterWithInvalidAccount"/>
  <testcase name="TC10" time="3.779" classname="Testcases.RailWay.railways.TC10_RegisterWithInvalidAccount"/>
</testsuite> <!-- Testcases.RailWay.railways.TC10_RegisterWithInvalidAccount -->
