<?xml version="1.0" encoding="UTF-8"?>
<!-- Generated by org.testng.reporters.JUnitReportReporter -->
<testsuite skipped="0" hostname="LGDN14993-W10" name="Testcases.RailWay.railways.TC16_CancelTicket" tests="2" failures="0" timestamp="03 Feb 2021 03:52:29 GMT" time="21.797" errors="0">
  <testcase name="TC16" time="11.004" classname="Testcases.RailWay.railways.TC16_CancelTicket"/>
  <testcase name="TC16" time="10.793" classname="Testcases.RailWay.railways.TC16_CancelTicket"/>
</testsuite> <!-- Testcases.RailWay.railways.TC16_CancelTicket -->
