<?xml version="1.0" encoding="UTF-8"?>
<!-- Generated by org.testng.reporters.JUnitReportReporter -->
<testsuite skipped="0" hostname="LGDN14993-W10" name="Testcases.RailWay.railways.TC04_LoginFromBookTicket" tests="1" failures="0" timestamp="29 Jan 2021 09:07:07 GMT" time="1.300" errors="0">
  <testcase name="TC04" time="1.300" classname="Testcases.RailWay.railways.TC04_LoginFromBookTicket"/>
</testsuite> <!-- Testcases.RailWay.railways.TC04_LoginFromBookTicket -->
