<?xml version="1.0" encoding="UTF-8"?>
<!-- Generated by org.testng.reporters.JUnitReportReporter -->
<testsuite skipped="0" hostname="LGDN14993-W10" name="Testcases.RailWay.railways.TC15_BookTicketFrTrainTimetable" tests="1" failures="0" timestamp="29 Jan 2021 09:07:07 GMT" time="10.411" errors="0">
  <testcase name="TC15" time="10.411" classname="Testcases.RailWay.railways.TC15_BookTicketFrTrainTimetable"/>
</testsuite> <!-- Testcases.RailWay.railways.TC15_BookTicketFrTrainTimetable -->
