<?xml version="1.0" encoding="UTF-8"?>
<!-- Generated by org.testng.reporters.JUnitReportReporter -->
<testsuite skipped="0" hostname="LGDN14993-W10" name="Testcases.RailWay.railways.TC10_RegisterWithInvalidAccount" tests="2" failures="0" timestamp="03 Feb 2021 03:52:29 GMT" time="8.176" errors="0">
  <testcase name="TC10" time="3.251" classname="Testcases.RailWay.railways.TC10_RegisterWithInvalidAccount"/>
  <testcase name="TC10" time="4.925" classname="Testcases.RailWay.railways.TC10_RegisterWithInvalidAccount"/>
</testsuite> <!-- Testcases.RailWay.railways.TC10_RegisterWithInvalidAccount -->
