<?xml version="1.0" encoding="UTF-8"?>
<!-- Generated by org.testng.reporters.JUnitReportReporter -->
<testsuite skipped="0" hostname="LGDN14993-W10" name="Testcases.RailWay.railways.TC02_LoginWithBlankUsername" tests="2" failures="0" timestamp="02 Feb 2021 07:56:17 GMT" time="4.214" errors="0">
  <testcase name="TC02" time="2.227" classname="Testcases.RailWay.railways.TC02_LoginWithBlankUsername"/>
  <testcase name="TC02" time="1.987" classname="Testcases.RailWay.railways.TC02_LoginWithBlankUsername"/>
</testsuite> <!-- Testcases.RailWay.railways.TC02_LoginWithBlankUsername -->
