<?xml version="1.0" encoding="UTF-8"?>
<!-- Generated by org.testng.reporters.JUnitReportReporter -->
<testsuite skipped="0" hostname="LGDN14993-W10" name="Testcases.RailWay.railways.TC02_LoginWithBlankUsername" tests="2" failures="0" timestamp="03 Feb 2021 03:52:29 GMT" time="4.242" errors="0">
  <testcase name="TC02" time="1.995" classname="Testcases.RailWay.railways.TC02_LoginWithBlankUsername"/>
  <testcase name="TC02" time="2.247" classname="Testcases.RailWay.railways.TC02_LoginWithBlankUsername"/>
</testsuite> <!-- Testcases.RailWay.railways.TC02_LoginWithBlankUsername -->
