<?xml version="1.0" encoding="UTF-8"?>
<!-- Generated by org.testng.reporters.JUnitReportReporter -->
<testsuite skipped="0" hostname="LGDN14993-W10" name="Testcases.RailWay.railways.TC11_RegisterWithInvalidAccount" tests="2" failures="0" timestamp="02 Feb 2021 07:56:17 GMT" time="7.539" errors="0">
  <testcase name="TC11" time="3.440" classname="Testcases.RailWay.railways.TC11_RegisterWithInvalidAccount"/>
  <testcase name="TC11" time="4.099" classname="Testcases.RailWay.railways.TC11_RegisterWithInvalidAccount"/>
</testsuite> <!-- Testcases.RailWay.railways.TC11_RegisterWithInvalidAccount -->
