<?xml version="1.0" encoding="UTF-8"?>
<!-- Generated by org.testng.reporters.JUnitReportReporter -->
<testsuite skipped="0" hostname="LGDN14993-W10" name="Testcases.RailWay.railways.TC07_CreateAccount" tests="2" failures="0" timestamp="02 Feb 2021 07:56:17 GMT" time="7.544" errors="0">
  <testcase name="TC07" time="3.284" classname="Testcases.RailWay.railways.TC07_CreateAccount"/>
  <testcase name="TC07" time="4.260" classname="Testcases.RailWay.railways.TC07_CreateAccount"/>
</testsuite> <!-- Testcases.RailWay.railways.TC07_CreateAccount -->
