<?xml version="1.0" encoding="UTF-8"?>
<!-- Generated by org.testng.reporters.JUnitReportReporter -->
<testsuite skipped="0" hostname="LGDN14993-W10" name="Testcases.RailWay.railways.TC07_CreateAccount" tests="1" failures="0" timestamp="29 Jan 2021 09:07:07 GMT" time="4.534" errors="0">
  <testcase name="TC07" time="4.534" classname="Testcases.RailWay.railways.TC07_CreateAccount"/>
</testsuite> <!-- Testcases.RailWay.railways.TC07_CreateAccount -->
