<?xml version="1.0" encoding="UTF-8"?>
<!-- Generated by org.testng.reporters.JUnitReportReporter -->
<testsuite skipped="0" hostname="LGDN14993-W10" name="Testcases.RailWay.railways.TC03_LoginWithInvalidPassword" tests="2" failures="0" timestamp="03 Feb 2021 03:52:29 GMT" time="4.682" errors="0">
  <testcase name="TC03" time="2.245" classname="Testcases.RailWay.railways.TC03_LoginWithInvalidPassword"/>
  <testcase name="TC03" time="2.437" classname="Testcases.RailWay.railways.TC03_LoginWithInvalidPassword"/>
</testsuite> <!-- Testcases.RailWay.railways.TC03_LoginWithInvalidPassword -->
