<?xml version="1.0" encoding="UTF-8"?>
<!-- Generated by org.testng.reporters.JUnitReportReporter -->
<testsuite skipped="0" hostname="LGDN14993-W10" name="Testcases.RailWay.railways.TC02_LoginWithBlankUsername" tests="1" failures="0" timestamp="29 Jan 2021 09:07:07 GMT" time="3.686" errors="0">
  <testcase name="TC02" time="3.686" classname="Testcases.RailWay.railways.TC02_LoginWithBlankUsername"/>
</testsuite> <!-- Testcases.RailWay.railways.TC02_LoginWithBlankUsername -->
