<?xml version="1.0" encoding="UTF-8"?>
<!-- Generated by org.testng.reporters.JUnitReportReporter -->
<testsuite skipped="0" hostname="LGDN14993-W10" name="Testcases.RailWay.railways.TC01_LoginWithValidAccount" tests="1" failures="0" timestamp="29 Jan 2021 09:07:07 GMT" time="6.121" errors="0">
  <testcase name="TC01" time="6.121" classname="Testcases.RailWay.railways.TC01_LoginWithValidAccount"/>
</testsuite> <!-- Testcases.RailWay.railways.TC01_LoginWithValidAccount -->
