<?xml version="1.0" encoding="UTF-8"?>
<!-- Generated by org.testng.reporters.JUnitReportReporter -->
<testsuite skipped="0" hostname="LGDN14993-W10" name="Testcases.RailWay.railways.TC16_CancelTicket" tests="2" failures="0" timestamp="02 Feb 2021 07:56:17 GMT" time="21.539" errors="0">
  <testcase name="TC16" time="10.719" classname="Testcases.RailWay.railways.TC16_CancelTicket"/>
  <testcase name="TC16" time="10.820" classname="Testcases.RailWay.railways.TC16_CancelTicket"/>
</testsuite> <!-- Testcases.RailWay.railways.TC16_CancelTicket -->
