<?xml version="1.0" encoding="UTF-8"?>
<!-- Generated by org.testng.reporters.JUnitReportReporter -->
<testsuite skipped="0" hostname="LGDN14993-W10" name="Testcases.RailWay.railways.TC16_CancelTicket" tests="1" failures="0" timestamp="29 Jan 2021 09:07:07 GMT" time="15.870" errors="0">
  <testcase name="TC16" time="15.870" classname="Testcases.RailWay.railways.TC16_CancelTicket"/>
</testsuite> <!-- Testcases.RailWay.railways.TC16_CancelTicket -->
