<?xml version="1.0" encoding="UTF-8"?>
<!-- Generated by org.testng.reporters.JUnitReportReporter -->
<testsuite skipped="0" hostname="LGDN14993-W10" name="Testcases.RailWay.railways.TC03_LoginWithInvalidPassword" tests="2" failures="0" timestamp="02 Feb 2021 07:56:17 GMT" time="4.592" errors="0">
  <testcase name="TC03" time="2.173" classname="Testcases.RailWay.railways.TC03_LoginWithInvalidPassword"/>
  <testcase name="TC03" time="2.419" classname="Testcases.RailWay.railways.TC03_LoginWithInvalidPassword"/>
</testsuite> <!-- Testcases.RailWay.railways.TC03_LoginWithInvalidPassword -->
