<?xml version="1.0" encoding="UTF-8"?>
<!-- Generated by org.testng.reporters.JUnitReportReporter -->
<testsuite skipped="0" hostname="LGDN14993-W10" name="Testcases.RailWay.railways.TC14_BookTicket" tests="2" failures="0" timestamp="03 Feb 2021 03:52:29 GMT" time="19.460" errors="0">
  <testcase name="TC14" time="9.874" classname="Testcases.RailWay.railways.TC14_BookTicket"/>
  <testcase name="TC14" time="9.586" classname="Testcases.RailWay.railways.TC14_BookTicket"/>
</testsuite> <!-- Testcases.RailWay.railways.TC14_BookTicket -->
