<?xml version="1.0" encoding="UTF-8"?>
<!-- Generated by org.testng.reporters.JUnitReportReporter -->
<testsuite skipped="0" hostname="LGDN14993-W10" name="Testcases.RailWay.railways.TC14_BookTicket" tests="2" failures="0" timestamp="02 Feb 2021 07:56:17 GMT" time="19.432" errors="0">
  <testcase name="TC14" time="9.846" classname="Testcases.RailWay.railways.TC14_BookTicket"/>
  <testcase name="TC14" time="9.586" classname="Testcases.RailWay.railways.TC14_BookTicket"/>
</testsuite> <!-- Testcases.RailWay.railways.TC14_BookTicket -->
