<?xml version="1.0" encoding="UTF-8"?>
<!-- Generated by org.testng.reporters.JUnitReportReporter -->
<testsuite skipped="0" hostname="LGDN14993-W10" name="Testcases.RailWay.railways.TC04_LoginFromBookTicket" tests="2" failures="0" timestamp="03 Feb 2021 03:52:29 GMT" time="2.667" errors="0">
  <testcase name="TC04" time="1.269" classname="Testcases.RailWay.railways.TC04_LoginFromBookTicket"/>
  <testcase name="TC04" time="1.398" classname="Testcases.RailWay.railways.TC04_LoginFromBookTicket"/>
</testsuite> <!-- Testcases.RailWay.railways.TC04_LoginFromBookTicket -->
