<?xml version="1.0" encoding="UTF-8"?>
<!-- Generated by org.testng.reporters.JUnitReportReporter -->
<testsuite skipped="0" hostname="LGDN14993-W10" name="Testcases.RailWay.railways.TC11_RegisterWithInvalidAccount" tests="2" failures="0" timestamp="03 Feb 2021 03:52:29 GMT" time="7.555" errors="0">
  <testcase name="TC11" time="3.477" classname="Testcases.RailWay.railways.TC11_RegisterWithInvalidAccount"/>
  <testcase name="TC11" time="4.078" classname="Testcases.RailWay.railways.TC11_RegisterWithInvalidAccount"/>
</testsuite> <!-- Testcases.RailWay.railways.TC11_RegisterWithInvalidAccount -->
