<?xml version="1.0" encoding="UTF-8"?>
<!-- Generated by org.testng.reporters.JUnitReportReporter -->
<testsuite skipped="0" hostname="LGDN14993-W10" name="Testcases.RailWay.railways.TC01_LoginWithValidAccount" tests="2" failures="0" timestamp="02 Feb 2021 07:56:17 GMT" time="6.044" errors="0">
  <testcase name="TC01" time="3.410" classname="Testcases.RailWay.railways.TC01_LoginWithValidAccount"/>
  <testcase name="TC01" time="2.634" classname="Testcases.RailWay.railways.TC01_LoginWithValidAccount"/>
</testsuite> <!-- Testcases.RailWay.railways.TC01_LoginWithValidAccount -->
