<?xml version="1.0" encoding="UTF-8"?>
<!-- Generated by org.testng.reporters.JUnitReportReporter -->
<testsuite skipped="0" hostname="LGDN14993-W10" name="Testcases.RailWay.railways.TC15_BookTicketFrTrainTimetable" tests="2" failures="0" timestamp="03 Feb 2021 03:52:29 GMT" time="15.614" errors="0">
  <testcase name="TC15" time="7.465" classname="Testcases.RailWay.railways.TC15_BookTicketFrTrainTimetable"/>
  <testcase name="TC15" time="8.149" classname="Testcases.RailWay.railways.TC15_BookTicketFrTrainTimetable"/>
</testsuite> <!-- Testcases.RailWay.railways.TC15_BookTicketFrTrainTimetable -->
