<?xml version="1.0" encoding="UTF-8"?>
<!-- Generated by org.testng.reporters.JUnitReportReporter -->
<testsuite skipped="0" hostname="LGDN14993-W10" name="Testcases.RailWay.railways.TC15_BookTicketFrTrainTimetable" tests="2" failures="0" timestamp="02 Feb 2021 07:56:17 GMT" time="15.835" errors="0">
  <testcase name="TC15" time="7.364" classname="Testcases.RailWay.railways.TC15_BookTicketFrTrainTimetable"/>
  <testcase name="TC15" time="8.471" classname="Testcases.RailWay.railways.TC15_BookTicketFrTrainTimetable"/>
</testsuite> <!-- Testcases.RailWay.railways.TC15_BookTicketFrTrainTimetable -->
