<?xml version="1.0" encoding="UTF-8"?>
<!-- Generated by org.testng.reporters.JUnitReportReporter -->
<testsuite skipped="0" hostname="LGDN14993-W10" name="Testcases.RailWay.railways.TC04_LoginFromBookTicket" tests="2" failures="0" timestamp="02 Feb 2021 07:56:17 GMT" time="2.666" errors="0">
  <testcase name="TC04" time="1.388" classname="Testcases.RailWay.railways.TC04_LoginFromBookTicket"/>
  <testcase name="TC04" time="1.278" classname="Testcases.RailWay.railways.TC04_LoginFromBookTicket"/>
</testsuite> <!-- Testcases.RailWay.railways.TC04_LoginFromBookTicket -->
