<?xml version="1.0" encoding="UTF-8"?>
<!-- Generated by org.testng.reporters.JUnitReportReporter -->
<testsuite skipped="0" hostname="LGDN14993-W10" name="Testcases.RailWay.railways.TC09_ChangeNewPassword" tests="2" failures="0" timestamp="02 Feb 2021 07:56:17 GMT" time="17.355" errors="0">
  <testcase name="TC09" time="8.099" classname="Testcases.RailWay.railways.TC09_ChangeNewPassword"/>
  <testcase name="TC09" time="9.256" classname="Testcases.RailWay.railways.TC09_ChangeNewPassword"/>
</testsuite> <!-- Testcases.RailWay.railways.TC09_ChangeNewPassword -->
